[0.316s] [34mcolcon[0m [1;30mDEBUG[0m [32mCommand line arguments: ['/usr/bin/colcon', 'build'][0m
[0.317s] [34mcolcon[0m [1;30mDEBUG[0m [32mParsed command line arguments: Namespace(log_base=None, log_level=None, verb_name='build', build_base='build', install_base='install', merge_install=False, symlink_install=False, test_result_base=None, continue_on_error=False, executor='parallel', parallel_workers=6, event_handlers=None, ignore_user_meta=False, metas=['./colcon.meta'], base_paths=['.'], packages_ignore=None, packages_ignore_regex=None, paths=None, packages_up_to=None, packages_up_to_regex=None, packages_above=None, packages_above_and_dependencies=None, packages_above_depth=None, packages_select_by_dep=None, packages_skip_by_dep=None, packages_skip_up_to=None, packages_select_build_failed=False, packages_skip_build_finished=False, packages_select_test_failures=False, packages_skip_test_passed=False, packages_select=None, packages_skip=None, packages_select_regex=None, packages_skip_regex=None, packages_start=None, packages_end=None, allow_overriding=[], cmake_args=None, cmake_target=None, cmake_target_skip_unavailable=False, cmake_clean_cache=False, cmake_clean_first=False, cmake_force_configure=False, ament_cmake_args=None, catkin_cmake_args=None, catkin_skip_building_tests=False, mixin_files=None, mixin=None, verb_parser=<colcon_mixin.mixin.mixin_argument.MixinArgumentDecorator object at 0xffff86ffda20>, verb_extension=<colcon_core.verb.build.BuildVerb object at 0xffff871269b0>, main=<bound method BuildVerb.main of <colcon_core.verb.build.BuildVerb object at 0xffff871269b0>>, mixin_verb=('build',))[0m
[0.823s] [34mcolcon.colcon_core.package_discovery[0m [1;30mLevel 1[0m discover_packages(colcon_meta) check parameters
[0.824s] [34mcolcon.colcon_core.package_discovery[0m [1;30mLevel 1[0m discover_packages(recursive) check parameters
[0.824s] [34mcolcon.colcon_core.package_discovery[0m [1;30mLevel 1[0m discover_packages(ignore) check parameters
[0.824s] [34mcolcon.colcon_core.package_discovery[0m [1;30mLevel 1[0m discover_packages(path) check parameters
[0.824s] [34mcolcon.colcon_core.package_discovery[0m [1;30mLevel 1[0m discover_packages(colcon_meta) discover
[0.824s] [34mcolcon.colcon_core.package_discovery[0m [1;30mLevel 1[0m discover_packages(recursive) discover
[0.825s] [34mcolcon.colcon_core.package_discovery[0m [1;30mINFO[0m Crawling recursively for packages in '/root/racecar_ws/src/localization'
[0.825s] [34mcolcon.colcon_core.package_identification[0m [1;30mLevel 1[0m _identify(.) by extensions ['ignore', 'ignore_ament_install']
[0.825s] [34mcolcon.colcon_core.package_identification[0m [1;30mLevel 1[0m _identify(.) by extension 'ignore'
[0.825s] [34mcolcon.colcon_core.package_identification[0m [1;30mLevel 1[0m _identify(.) by extension 'ignore_ament_install'
[0.825s] [34mcolcon.colcon_core.package_identification[0m [1;30mLevel 1[0m _identify(.) by extensions ['colcon_pkg']
[0.826s] [34mcolcon.colcon_core.package_identification[0m [1;30mLevel 1[0m _identify(.) by extension 'colcon_pkg'
[0.826s] [34mcolcon.colcon_core.package_identification[0m [1;30mLevel 1[0m _identify(.) by extensions ['colcon_meta']
[0.826s] [34mcolcon.colcon_core.package_identification[0m [1;30mLevel 1[0m _identify(.) by extension 'colcon_meta'
[0.826s] [34mcolcon.colcon_core.package_identification[0m [1;30mLevel 1[0m _identify(.) by extensions ['ros']
[0.826s] [34mcolcon.colcon_core.package_identification[0m [1;30mLevel 1[0m _identify(.) by extension 'ros'
[0.906s] [34mcolcon.colcon_core.package_identification[0m [1;30mDEBUG[0m [32mPackage '.' with type 'ros.ament_python' and name 'localization'[0m
[0.906s] [34mcolcon.colcon_core.package_discovery[0m [1;30mLevel 1[0m discover_packages(recursive) using defaults
[0.907s] [34mcolcon.colcon_core.package_discovery[0m [1;30mLevel 1[0m discover_packages(ignore) discover
[0.907s] [34mcolcon.colcon_core.package_discovery[0m [1;30mLevel 1[0m discover_packages(ignore) using defaults
[0.907s] [34mcolcon.colcon_core.package_discovery[0m [1;30mLevel 1[0m discover_packages(path) discover
[0.907s] [34mcolcon.colcon_core.package_discovery[0m [1;30mLevel 1[0m discover_packages(path) using defaults
[0.947s] [34mcolcon.colcon_core.package_discovery[0m [1;30mLevel 1[0m discover_packages(prefix_path) check parameters
[0.947s] [34mcolcon.colcon_core.package_discovery[0m [1;30mLevel 1[0m discover_packages(prefix_path) discover
[0.955s] [34mcolcon.colcon_installed_package_information.package_discovery[0m [1;30mDEBUG[0m [32mFound 14 installed packages in /root/ros2_ws/install[0m
[0.959s] [34mcolcon.colcon_installed_package_information.package_discovery[0m [1;30mDEBUG[0m [32mFound 374 installed packages in /opt/ros/humble[0m
[0.966s] [34mcolcon.colcon_core.package_discovery[0m [1;30mLevel 1[0m discover_packages(prefix_path) using defaults
[1.082s] [34mcolcon.colcon_core.verb[0m [1;30mLevel 5[0m set package 'localization' build argument 'cmake_args' from command line to 'None'
[1.083s] [34mcolcon.colcon_core.verb[0m [1;30mLevel 5[0m set package 'localization' build argument 'cmake_target' from command line to 'None'
[1.083s] [34mcolcon.colcon_core.verb[0m [1;30mLevel 5[0m set package 'localization' build argument 'cmake_target_skip_unavailable' from command line to 'False'
[1.083s] [34mcolcon.colcon_core.verb[0m [1;30mLevel 5[0m set package 'localization' build argument 'cmake_clean_cache' from command line to 'False'
[1.083s] [34mcolcon.colcon_core.verb[0m [1;30mLevel 5[0m set package 'localization' build argument 'cmake_clean_first' from command line to 'False'
[1.083s] [34mcolcon.colcon_core.verb[0m [1;30mLevel 5[0m set package 'localization' build argument 'cmake_force_configure' from command line to 'False'
[1.083s] [34mcolcon.colcon_core.verb[0m [1;30mLevel 5[0m set package 'localization' build argument 'ament_cmake_args' from command line to 'None'
[1.083s] [34mcolcon.colcon_core.verb[0m [1;30mLevel 5[0m set package 'localization' build argument 'catkin_cmake_args' from command line to 'None'
[1.083s] [34mcolcon.colcon_core.verb[0m [1;30mLevel 5[0m set package 'localization' build argument 'catkin_skip_building_tests' from command line to 'False'
[1.083s] [34mcolcon.colcon_core.verb[0m [1;30mDEBUG[0m [32mBuilding package 'localization' with the following arguments: {'ament_cmake_args': None, 'build_base': '/root/racecar_ws/src/localization/build/localization', 'catkin_cmake_args': None, 'catkin_skip_building_tests': False, 'cmake_args': None, 'cmake_clean_cache': False, 'cmake_clean_first': False, 'cmake_force_configure': False, 'cmake_target': None, 'cmake_target_skip_unavailable': False, 'install_base': '/root/racecar_ws/src/localization/install/localization', 'merge_install': False, 'path': '/root/racecar_ws/src/localization', 'symlink_install': False, 'test_result_base': None}[0m
[1.084s] [34mcolcon.colcon_core.executor[0m [1;30mINFO[0m Executing jobs using 'parallel' executor
[1.087s] [34mcolcon.colcon_parallel_executor.executor.parallel[0m [1;30mDEBUG[0m [32mrun_until_complete[0m
[1.088s] [34mcolcon.colcon_ros.task.ament_python.build[0m [1;30mINFO[0m Building ROS package in '/root/racecar_ws/src/localization' with build type 'ament_python'
[1.088s] [34mcolcon.colcon_core.shell[0m [1;30mLevel 1[0m create_environment_hook('localization', 'ament_prefix_path')
[1.093s] [34mcolcon.colcon_core.plugin_system[0m [1;30mINFO[0m Skipping extension 'colcon_core.shell.bat': Not used on non-Windows systems
[1.094s] [34mcolcon.colcon_core.shell[0m [1;30mINFO[0m Creating environment hook '/root/racecar_ws/src/localization/install/localization/share/localization/hook/ament_prefix_path.ps1'
[1.096s] [34mcolcon.colcon_core.shell[0m [1;30mINFO[0m Creating environment descriptor '/root/racecar_ws/src/localization/install/localization/share/localization/hook/ament_prefix_path.dsv'
[1.097s] [34mcolcon.colcon_core.shell[0m [1;30mINFO[0m Creating environment hook '/root/racecar_ws/src/localization/install/localization/share/localization/hook/ament_prefix_path.sh'
[1.099s] [34mcolcon.colcon_core.shell[0m [1;30mINFO[0m Skip shell extension 'powershell' for command environment: Not usable outside of PowerShell
[1.099s] [34mcolcon.colcon_core.shell[0m [1;30mDEBUG[0m [32mSkip shell extension 'dsv' for command environment[0m
[3.488s] [34mcolcon.colcon_parallel_executor.executor.parallel[0m [1;30mDEBUG[0m [32mclosing loop[0m
[3.490s] [34mcolcon.colcon_parallel_executor.executor.parallel[0m [1;30mDEBUG[0m [32mloop closed[0m
[3.490s] [34mcolcon.colcon_parallel_executor.executor.parallel[0m [1;30mDEBUG[0m [32mrun_until_complete finished with 'Command '['/usr/bin/python3', '-c', 'import sys;from contextlib import suppress;exec("with suppress(ImportError):    from setuptools.extern.packaging.specifiers    import SpecifierSet");exec("with suppress(ImportError):    from packaging.specifiers import SpecifierSet");from distutils.core import run_setup;dist = run_setup(    \'setup.py\', script_args=(\'--dry-run\',), stop_after=\'config\');skip_keys = (\'cmdclass\', \'distclass\', \'ext_modules\', \'metadata\');data = {    key: value for key, value in dist.__dict__.items()     if (        not key.startswith(\'_\') and         not callable(value) and         key not in skip_keys and         key not in dist.display_option_names    )};data[\'metadata\'] = {    k: v for k, v in dist.metadata.__dict__.items()     if k not in (\'license_files\', \'provides_extras\')};sys.stdout.buffer.write(repr(data).encode(\'utf-8\'))']' returned non-zero exit status 1.'[0m
[3.490s] [34mcolcon.colcon_core.event_reactor[0m [1;30mDEBUG[0m [32mjoining thread[0m
[3.519s] [34mcolcon.colcon_core.plugin_system[0m [1;30mINFO[0m Skipping extension 'colcon_notification.desktop_notification.terminal_notifier': Not used on non-Darwin systems
[3.519s] [34mcolcon.colcon_core.plugin_system[0m [1;30mINFO[0m Skipping extension 'colcon_notification.desktop_notification.win32': Not used on non-Windows systems
[3.520s] [34mcolcon.colcon_notification.desktop_notification[0m [1;30mINFO[0m Sending desktop notification using 'notify2'
[3.520s] [34mcolcon.colcon_notification.desktop_notification.notify2[0m [1;30mDEBUG[0m [32mFailed to initialize notify2: org.freedesktop.DBus.Error.NotSupported: Unable to autolaunch a dbus-daemon without a $DISPLAY for X11[0m
[3.521s] [34mcolcon.colcon_core.event_reactor[0m [1;30mDEBUG[0m [32mjoined thread[0m
[3.523s] [34mcolcon.colcon_core.shell[0m [1;30mINFO[0m Creating prefix script '/root/racecar_ws/src/localization/install/local_setup.ps1'
[3.529s] [34mcolcon.colcon_core.shell[0m [1;30mINFO[0m Creating prefix util module '/root/racecar_ws/src/localization/install/_local_setup_util_ps1.py'
[3.535s] [34mcolcon.colcon_core.shell[0m [1;30mINFO[0m Creating prefix chain script '/root/racecar_ws/src/localization/install/setup.ps1'
[3.544s] [34mcolcon.colcon_core.shell[0m [1;30mINFO[0m Creating prefix script '/root/racecar_ws/src/localization/install/local_setup.sh'
[3.547s] [34mcolcon.colcon_core.shell[0m [1;30mINFO[0m Creating prefix util module '/root/racecar_ws/src/localization/install/_local_setup_util_sh.py'
[3.549s] [34mcolcon.colcon_core.shell[0m [1;30mINFO[0m Creating prefix chain script '/root/racecar_ws/src/localization/install/setup.sh'
[3.557s] [34mcolcon.colcon_core.shell[0m [1;30mINFO[0m Creating prefix script '/root/racecar_ws/src/localization/install/local_setup.bash'
[3.559s] [34mcolcon.colcon_core.shell[0m [1;30mINFO[0m Creating prefix chain script '/root/racecar_ws/src/localization/install/setup.bash'
[3.565s] [34mcolcon.colcon_core.shell[0m [1;30mINFO[0m Creating prefix script '/root/racecar_ws/src/localization/install/local_setup.zsh'
[3.567s] [34mcolcon.colcon_core.shell[0m [1;30mINFO[0m Creating prefix chain script '/root/racecar_ws/src/localization/install/setup.zsh'
